TN:
SF:src\generate-markdown-link-extended-impl.ts
FN:24,patchGenerateMarkdownLink
FN:27,(anonymous_1)
FN:30,native
FN:34,extended
FN:40,(anonymous_4)
FN:52,generateMarkdownLinkExtended
FN:59,generateMarkdownLinkNative
FNF:7
FNH:7
FNDA:6,patchGenerateMarkdownLink
FNDA:6,(anonymous_1)
FNDA:2,native
FNDA:1,extended
FNDA:1,(anonymous_4)
FNDA:3,generateMarkdownLinkExtended
FNDA:2,generateMarkdownLinkNative
DA:25,6
DA:26,6
DA:28,6
DA:31,2
DA:35,1
DA:40,6
DA:41,1
DA:42,1
DA:53,3
DA:60,2
LF:10
LH:10
BRF:0
BRH:0
end_of_record
TN:
SF:src\link-converter.ts
FN:25,applyLinkChangeUpdates
FN:36,convertLinksInCurrentFile
FN:46,(anonymous_2)
FN:54,convertLinksInFile
FN:80,convertLinksInFolder
FN:83,(anonymous_5)
FN:85,(anonymous_6)
FN:99,fixChange
FN:128,applyLinkChangeUpdatesImpl
FN:136,(anonymous_9)
FN:138,(anonymous_10)
FNF:11
FNH:11
FNDA:5,applyLinkChangeUpdates
FNDA:5,convertLinksInCurrentFile
FNDA:1,(anonymous_2)
FNDA:7,convertLinksInFile
FNDA:5,convertLinksInFolder
FNDA:1,(anonymous_5)
FNDA:1,(anonymous_6)
FNDA:6,fixChange
FNDA:5,applyLinkChangeUpdatesImpl
FNDA:1,(anonymous_9)
FNDA:1,(anonymous_10)
DA:26,5
DA:27,5
DA:29,2
DA:30,1
DA:32,1
DA:37,5
DA:38,5
DA:39,2
DA:42,3
DA:43,2
DA:46,1
DA:51,3
DA:55,7
DA:56,7
DA:58,7
DA:59,3
DA:60,1
DA:63,2
DA:67,2
DA:68,1
DA:72,4
DA:81,5
DA:83,1
DA:86,1
DA:100,6
DA:101,6
DA:103,6
DA:104,2
DA:111,6
DA:112,6
DA:113,6
DA:114,2
DA:117,2
DA:129,5
DA:130,5
DA:131,5
DA:132,5
DA:134,5
DA:138,1
LF:39
LH:39
BRDA:29,0,0,1
BRDA:29,0,1,1
BRDA:38,1,0,2
BRDA:38,1,1,3
BRDA:38,2,0,5
BRDA:38,2,1,4
BRDA:42,3,0,2
BRDA:42,3,1,1
BRDA:58,4,0,3
BRDA:58,4,1,4
BRDA:59,5,0,1
BRDA:59,5,1,2
BRDA:67,6,0,1
BRDA:67,6,1,1
BRDA:88,7,0,3
BRDA:88,7,1,2
BRDA:103,8,0,2
BRDA:103,8,1,4
BRDA:113,9,0,2
BRDA:113,9,1,4
BRDA:114,10,0,1
BRDA:114,10,1,1
BRF:22
BRH:22
end_of_record
TN:
SF:src\main.ts
FNF:0
FNH:0
LF:0
LH:0
BRF:0
BRH:0
end_of_record
TN:
SF:src\plugin-settings-component.ts
FN:26,(anonymous_0)
FN:33,(anonymous_1)
FN:34,(anonymous_2)
FN:65,(anonymous_3)
FN:71,pathsValidator
FNF:5
FNH:5
FNDA:15,(anonymous_0)
FNDA:15,(anonymous_1)
FNDA:24,(anonymous_2)
FNDA:15,(anonymous_3)
FNDA:28,pathsValidator
DA:16,24
DA:17,24
DA:18,24
DA:19,24
DA:20,24
DA:21,24
DA:22,24
DA:27,15
DA:34,15
DA:35,24
DA:36,1
DA:39,24
DA:40,1
DA:43,24
DA:44,1
DA:47,24
DA:48,1
DA:51,24
DA:52,1
DA:55,24
DA:56,1
DA:59,24
DA:60,1
DA:66,15
DA:67,15
DA:72,28
DA:73,31
DA:74,29
DA:75,29
DA:76,2
LF:30
LH:30
BRDA:35,0,0,1
BRDA:35,0,1,23
BRDA:39,1,0,1
BRDA:39,1,1,23
BRDA:43,2,0,1
BRDA:43,2,1,23
BRDA:47,3,0,1
BRDA:47,3,1,23
BRDA:51,4,0,1
BRDA:51,4,1,23
BRDA:55,5,0,1
BRDA:55,5,1,23
BRDA:59,6,0,1
BRDA:59,6,1,23
BRDA:73,7,0,29
BRDA:73,7,1,2
BRDA:73,8,0,31
BRDA:73,8,1,29
BRDA:75,9,0,2
BRDA:75,9,1,27
BRF:20
BRH:20
end_of_record
TN:
SF:src\plugin-settings-tab.ts
FN:8,(anonymous_0)
FN:14,(anonymous_1)
FN:23,(anonymous_2)
FN:29,(anonymous_3)
FN:38,(anonymous_4)
FN:44,(anonymous_5)
FN:56,(anonymous_6)
FN:63,(anonymous_7)
FN:69,(anonymous_8)
FN:79,(anonymous_9)
FN:85,(anonymous_10)
FN:94,(anonymous_11)
FN:100,(anonymous_12)
FN:109,(anonymous_13)
FN:115,(anonymous_14)
FN:122,(anonymous_15)
FN:128,(anonymous_16)
FN:138,(anonymous_17)
FN:144,(anonymous_18)
FN:154,(anonymous_19)
FNF:20
FNH:20
FNDA:1,(anonymous_0)
FNDA:1,(anonymous_1)
FNDA:1,(anonymous_2)
FNDA:1,(anonymous_3)
FNDA:1,(anonymous_4)
FNDA:1,(anonymous_5)
FNDA:1,(anonymous_6)
FNDA:1,(anonymous_7)
FNDA:1,(anonymous_8)
FNDA:1,(anonymous_9)
FNDA:1,(anonymous_10)
FNDA:1,(anonymous_11)
FNDA:1,(anonymous_12)
FNDA:1,(anonymous_13)
FNDA:1,(anonymous_14)
FNDA:1,(anonymous_15)
FNDA:1,(anonymous_16)
FNDA:1,(anonymous_17)
FNDA:1,(anonymous_18)
FNDA:1,(anonymous_19)
DA:9,1
DA:10,1
DA:12,1
DA:15,1
DA:16,1
DA:17,1
DA:18,1
DA:19,1
DA:20,1
DA:21,1
DA:24,1
DA:27,1
DA:30,1
DA:31,1
DA:32,1
DA:33,1
DA:34,1
DA:35,1
DA:36,1
DA:39,1
DA:42,1
DA:45,1
DA:46,1
DA:47,1
DA:48,1
DA:49,1
DA:50,1
DA:51,1
DA:52,1
DA:53,1
DA:54,1
DA:57,1
DA:60,1
DA:64,1
DA:67,1
DA:70,1
DA:71,1
DA:72,1
DA:73,1
DA:77,1
DA:80,1
DA:83,1
DA:86,1
DA:87,1
DA:88,1
DA:89,1
DA:90,1
DA:91,1
DA:92,1
DA:95,1
DA:98,1
DA:101,1
DA:102,1
DA:103,1
DA:104,1
DA:105,1
DA:106,1
DA:107,1
DA:110,1
DA:113,1
DA:116,1
DA:117,1
DA:118,1
DA:119,1
DA:120,1
DA:123,1
DA:126,1
DA:129,1
DA:130,1
DA:131,1
DA:132,1
DA:133,1
DA:134,1
DA:135,1
DA:136,1
DA:139,1
DA:142,1
DA:145,1
DA:146,1
DA:147,1
DA:148,1
DA:149,1
DA:150,1
DA:151,1
DA:152,1
DA:155,1
LF:86
LH:86
BRF:0
BRH:0
end_of_record
TN:
SF:src\plugin-settings.ts
FN:14,(anonymous_0)
FN:18,(anonymous_1)
FN:22,(anonymous_2)
FN:26,(anonymous_3)
FN:32,(anonymous_4)
FN:36,(anonymous_5)
FN:44,(anonymous_6)
FNF:7
FNH:7
FNDA:73,(anonymous_0)
FNDA:245,(anonymous_1)
FNDA:73,(anonymous_2)
FNDA:37,(anonymous_3)
FNDA:211,(anonymous_4)
FNDA:11,(anonymous_5)
FNDA:18,(anonymous_6)
DA:5,211
DA:6,211
DA:7,211
DA:8,211
DA:9,211
DA:10,211
DA:11,211
DA:12,211
DA:15,73
DA:19,245
DA:23,73
DA:27,37
DA:30,211
DA:33,211
DA:37,11
DA:38,1
DA:41,10
DA:45,18
LF:18
LH:18
BRDA:37,0,0,1
BRDA:37,0,1,10
BRDA:37,1,0,11
BRDA:37,1,1,8
BRF:4
BRH:4
end_of_record
TN:
SF:src\plugin.ts
FN:52,(anonymous_0)
FN:56,(anonymous_1)
FN:82,(anonymous_2)
FN:118,(anonymous_3)
FN:134,(anonymous_4)
FN:156,(anonymous_5)
FN:158,(anonymous_6)
FN:179,(anonymous_7)
FNF:8
FNH:8
FNDA:1,(anonymous_0)
FNDA:23,(anonymous_1)
FNDA:12,(anonymous_2)
FNDA:2,(anonymous_3)
FNDA:7,(anonymous_4)
FNDA:2,(anonymous_5)
FNDA:1,(anonymous_6)
FNDA:5,(anonymous_7)
DA:50,23
DA:53,1
DA:57,23
DA:58,23
DA:64,23
DA:83,12
DA:85,12
DA:86,1
DA:89,9
DA:90,9
DA:91,12
DA:93,12
DA:94,1
DA:97,8
DA:98,8
DA:99,1
DA:102,7
DA:103,1
DA:104,1
DA:107,6
DA:108,6
DA:109,6
DA:110,6
DA:111,6
DA:112,6
DA:113,6
DA:114,4
DA:116,2
DA:117,2
DA:119,2
DA:127,1
DA:130,6
DA:139,7
DA:140,7
DA:154,7
DA:156,7
DA:157,2
DA:159,1
DA:164,2
DA:167,7
DA:168,7
DA:187,5
DA:188,5
DA:189,5
DA:190,2
DA:193,3
DA:194,3
DA:196,2
DA:197,1
DA:199,1
LF:50
LH:50
BRDA:85,0,0,1
BRDA:85,0,1,11
BRDA:93,1,0,1
BRDA:93,1,1,11
BRDA:98,2,0,1
BRDA:98,2,1,7
BRDA:102,3,0,1
BRDA:102,3,1,6
BRDA:113,4,0,4
BRDA:113,4,1,2
BRDA:117,5,0,1
BRDA:117,5,1,1
BRDA:189,6,0,2
BRDA:189,6,1,3
BRDA:196,7,0,1
BRDA:196,7,1,1
BRF:16
BRH:16
end_of_record
TN:
SF:src\commands\convert-links-in-entire-vault-command-handler.ts
FN:8,(anonymous_0)
FN:16,(anonymous_1)
FNF:2
FNH:2
FNDA:2,(anonymous_0)
FNDA:1,(anonymous_1)
DA:8,2
DA:9,2
DA:17,1
LF:3
LH:3
BRF:0
BRH:0
end_of_record
TN:
SF:src\commands\convert-links-in-file-command-handler.ts
FN:16,(anonymous_0)
FN:29,(anonymous_1)
FN:36,(anonymous_2)
FN:41,(anonymous_3)
FNF:4
FNH:4
FNDA:6,(anonymous_0)
FNDA:2,(anonymous_1)
FNDA:1,(anonymous_2)
FNDA:2,(anonymous_3)
DA:16,6
DA:17,6
DA:26,6
DA:30,2
DA:31,1
DA:33,1
DA:37,1
DA:38,1
DA:42,2
LF:9
LH:9
BRDA:30,0,0,1
BRDA:30,0,1,1
BRF:2
BRH:2
end_of_record
TN:
SF:src\commands\convert-links-in-folder-command-handler.ts
FN:10,(anonymous_0)
FN:22,(anonymous_1)
FN:26,(anonymous_2)
FN:31,(anonymous_3)
FNF:4
FNH:4
FNDA:4,(anonymous_0)
FNDA:1,(anonymous_1)
FNDA:1,(anonymous_2)
FNDA:1,(anonymous_3)
DA:10,4
DA:11,4
DA:23,1
DA:27,1
DA:28,1
DA:32,1
LF:6
LH:6
BRF:0
BRH:0
end_of_record
